2019-09-17 04:24:15.3236|INFO|ProjectManager.Utils.LoggingUtility|Operation Result Format: JSON
Request ID: 8000000e-0001-ff00-b63f-84710c7967bb
Method: GET
URL: http://localhost:50830/api/user
Controller : ProjectManager.Controllers.UserController
Action : GetUser
Action Parameters : System.Web.Http.Tracing.ITraceWriterExtensions+<>c__DisplayClass14_0

2019-09-17 04:24:15.4296|INFO|ProjectManager.Utils.LoggingUtility|Operation Result Format: JSON
Request ID: 8000000e-0001-ff00-b63f-84710c7967bb
Method: GET
URL: http://localhost:50830/api/user
Controller : ProjectManager.Controllers.UserController
Action : GetUser
Action Parameters : System.Web.Http.Tracing.ITraceWriterExtensions+<>c__DisplayClass14_0

2019-09-17 05:12:32.8240|INFO|ProjectManager.Utils.LoggingUtility|Operation Result Format: JSON
Request ID: 80000002-0002-ff00-b63f-84710c7967bb
Method: GET
URL: http://localhost:50830/api/user
Controller : ProjectManager.Controllers.UserController
Action : GetUser
Action Parameters : System.Web.Http.Tracing.ITraceWriterExtensions+<>c__DisplayClass14_0

2019-09-17 05:12:32.9540|INFO|ProjectManager.Utils.LoggingUtility|Operation Result Format: JSON
Request ID: 80000002-0002-ff00-b63f-84710c7967bb
Method: GET
URL: http://localhost:50830/api/user
Controller : ProjectManager.Controllers.UserController
Action : GetUser
Action Parameters : System.Web.Http.Tracing.ITraceWriterExtensions+<>c__DisplayClass14_0

2019-09-17 05:13:36.1950|INFO|ProjectManager.Utils.LoggingUtility|Operation Result Format: JSON
Request ID: 80000002-0000-f900-b63f-84710c7967bb
Method: GET
URL: http://localhost:50830/api/user
Controller : ProjectManager.Controllers.UserController
Action : GetUser
Action Parameters : System.Web.Http.Tracing.ITraceWriterExtensions+<>c__DisplayClass14_0

2019-09-17 05:13:36.1950|INFO|ProjectManager.Utils.LoggingUtility|Operation Result Format: JSON
Request ID: 80000002-0000-f900-b63f-84710c7967bb
Method: GET
URL: http://localhost:50830/api/user
Controller : ProjectManager.Controllers.UserController
Action : GetUser
Action Parameters : System.Web.Http.Tracing.ITraceWriterExtensions+<>c__DisplayClass14_0

2019-09-17 05:14:00.4692|INFO|ProjectManager.Utils.LoggingUtility|Operation Result Format: JSON
Request ID: 80000003-0000-f900-b63f-84710c7967bb
Method: GET
URL: http://localhost:50830/api/project
Controller : ProjectManager.Controllers.ProjectController
Action : RetrieveProjects
Action Parameters : System.Web.Http.Tracing.ITraceWriterExtensions+<>c__DisplayClass14_0

2019-09-17 05:14:00.4722|INFO|ProjectManager.Utils.LoggingUtility|Operation Result Format: JSON
Request ID: 80000003-0000-f900-b63f-84710c7967bb
Method: GET
URL: http://localhost:50830/api/project
Controller : ProjectManager.Controllers.ProjectController
Action : RetrieveProjects
Action Parameters : System.Web.Http.Tracing.ITraceWriterExtensions+<>c__DisplayClass14_0

2019-09-17 05:20:07.0068|INFO|ProjectManager.Utils.LoggingUtility|Operation Result Format: JSON
Request ID: 80000005-0002-ff00-b63f-84710c7967bb
Method: GET
URL: http://localhost:50830/api/user
Controller : ProjectManager.Controllers.UserController
Action : GetUser
Action Parameters : System.Web.Http.Tracing.ITraceWriterExtensions+<>c__DisplayClass14_0

2019-09-17 05:20:07.0068|INFO|ProjectManager.Utils.LoggingUtility|Operation Result Format: JSON
Request ID: 80000005-0002-ff00-b63f-84710c7967bb
Method: GET
URL: http://localhost:50830/api/user
Controller : ProjectManager.Controllers.UserController
Action : GetUser
Action Parameters : System.Web.Http.Tracing.ITraceWriterExtensions+<>c__DisplayClass14_0

2019-09-17 05:20:07.0068|INFO|ProjectManager.Utils.LoggingUtility|Operation Result Format: JSON
Request ID: 80000005-0000-f900-b63f-84710c7967bb
Method: GET
URL: http://localhost:50830/api/project
Controller : ProjectManager.Controllers.ProjectController
Action : RetrieveProjects
Action Parameters : System.Web.Http.Tracing.ITraceWriterExtensions+<>c__DisplayClass14_0

2019-09-17 05:20:07.0068|INFO|ProjectManager.Utils.LoggingUtility|Operation Result Format: JSON
Request ID: 80000005-0000-f900-b63f-84710c7967bb
Method: GET
URL: http://localhost:50830/api/project
Controller : ProjectManager.Controllers.ProjectController
Action : RetrieveProjects
Action Parameters : System.Web.Http.Tracing.ITraceWriterExtensions+<>c__DisplayClass14_0

2019-09-17 05:20:08.0219|INFO|ProjectManager.Utils.LoggingUtility|Operation Result Format: JSON
Request ID: 80000006-0000-f900-b63f-84710c7967bb
Method: GET
URL: http://localhost:50830/api/user
Controller : ProjectManager.Controllers.UserController
Action : GetUser
Action Parameters : System.Web.Http.Tracing.ITraceWriterExtensions+<>c__DisplayClass14_0

2019-09-17 05:20:08.0219|INFO|ProjectManager.Utils.LoggingUtility|Operation Result Format: JSON
Request ID: 80000006-0000-f900-b63f-84710c7967bb
Method: GET
URL: http://localhost:50830/api/user
Controller : ProjectManager.Controllers.UserController
Action : GetUser
Action Parameters : System.Web.Http.Tracing.ITraceWriterExtensions+<>c__DisplayClass14_0

2019-09-17 05:20:09.1832|INFO|ProjectManager.Utils.LoggingUtility|Operation Result Format: JSON
Request ID: 80000007-0000-f900-b63f-84710c7967bb
Method: GET
URL: http://localhost:50830/api/project
Controller : ProjectManager.Controllers.ProjectController
Action : RetrieveProjects
Action Parameters : System.Web.Http.Tracing.ITraceWriterExtensions+<>c__DisplayClass14_0

2019-09-17 05:20:09.1907|INFO|ProjectManager.Utils.LoggingUtility|Operation Result Format: JSON
Request ID: 80000007-0000-f900-b63f-84710c7967bb
Method: GET
URL: http://localhost:50830/api/project
Controller : ProjectManager.Controllers.ProjectController
Action : RetrieveProjects
Action Parameters : System.Web.Http.Tracing.ITraceWriterExtensions+<>c__DisplayClass14_0

2019-09-17 05:20:15.5672|INFO|ProjectManager.Utils.LoggingUtility|Operation Result Format: JSON
Request ID: 80000008-0000-f900-b63f-84710c7967bb
Method: GET
URL: http://localhost:50830/api/task?projectId=1
Controller : ProjectManager.Controllers.TaskController
Action : RetrieveTaskByProjectId
Action Parameters : System.Web.Http.Tracing.ITraceWriterExtensions+<>c__DisplayClass14_0

2019-09-17 05:20:15.5672|INFO|ProjectManager.Utils.LoggingUtility|Operation Result Format: JSON
Request ID: 80000008-0000-f900-b63f-84710c7967bb
Method: GET
URL: http://localhost:50830/api/task?projectId=1
Controller : ProjectManager.Controllers.TaskController
Action : RetrieveTaskByProjectId
Action Parameters : System.Web.Http.Tracing.ITraceWriterExtensions+<>c__DisplayClass14_0

2019-09-17 05:20:21.9735|INFO|ProjectManager.Utils.LoggingUtility|Operation Result Format: JSON
Request ID: 80000009-0000-f900-b63f-84710c7967bb
Method: GET
URL: http://localhost:50830/api/task?projectId=2
Controller : ProjectManager.Controllers.TaskController
Action : RetrieveTaskByProjectId
Action Parameters : System.Web.Http.Tracing.ITraceWriterExtensions+<>c__DisplayClass14_0

2019-09-17 05:20:21.9735|INFO|ProjectManager.Utils.LoggingUtility|Operation Result Format: JSON
Request ID: 80000009-0000-f900-b63f-84710c7967bb
Method: GET
URL: http://localhost:50830/api/task?projectId=2
Controller : ProjectManager.Controllers.TaskController
Action : RetrieveTaskByProjectId
Action Parameters : System.Web.Http.Tracing.ITraceWriterExtensions+<>c__DisplayClass14_0

2019-09-17 05:23:22.6517|INFO|ProjectManager.Utils.LoggingUtility|Operation Result Format: JSON
Request ID: 80000002-0001-fd00-b63f-84710c7967bb
Method: GET
URL: http://localhost:50830/api/user
Controller : ProjectManager.Controllers.UserController
Action : GetUser
Action Parameters : System.Web.Http.Tracing.ITraceWriterExtensions+<>c__DisplayClass14_0

2019-09-17 05:23:22.6517|INFO|ProjectManager.Utils.LoggingUtility|Operation Result Format: JSON
Request ID: 80000002-0001-fd00-b63f-84710c7967bb
Method: GET
URL: http://localhost:50830/api/user
Controller : ProjectManager.Controllers.UserController
Action : GetUser
Action Parameters : System.Web.Http.Tracing.ITraceWriterExtensions+<>c__DisplayClass14_0

2019-09-17 05:23:26.5493|INFO|ProjectManager.Utils.LoggingUtility|Operation Result Format: JSON
Request ID: 80000003-0001-fd00-b63f-84710c7967bb
Method: GET
URL: http://localhost:50830/api/project
Controller : ProjectManager.Controllers.ProjectController
Action : RetrieveProjects
Action Parameters : System.Web.Http.Tracing.ITraceWriterExtensions+<>c__DisplayClass14_0

2019-09-17 05:23:26.5493|INFO|ProjectManager.Utils.LoggingUtility|Operation Result Format: JSON
Request ID: 80000003-0001-fd00-b63f-84710c7967bb
Method: GET
URL: http://localhost:50830/api/project
Controller : ProjectManager.Controllers.ProjectController
Action : RetrieveProjects
Action Parameters : System.Web.Http.Tracing.ITraceWriterExtensions+<>c__DisplayClass14_0

2019-09-17 05:23:47.9439|INFO|ProjectManager.Utils.LoggingUtility|Operation Result Format: JSON
Request ID: 80000004-0001-fd00-b63f-84710c7967bb
Method: GET
URL: http://localhost:50830/api/task?projectId=2
Controller : ProjectManager.Controllers.TaskController
Action : RetrieveTaskByProjectId
Action Parameters : System.Web.Http.Tracing.ITraceWriterExtensions+<>c__DisplayClass14_0

2019-09-17 05:23:47.9439|INFO|ProjectManager.Utils.LoggingUtility|Operation Result Format: JSON
Request ID: 80000004-0001-fd00-b63f-84710c7967bb
Method: GET
URL: http://localhost:50830/api/task?projectId=2
Controller : ProjectManager.Controllers.TaskController
Action : RetrieveTaskByProjectId
Action Parameters : System.Web.Http.Tracing.ITraceWriterExtensions+<>c__DisplayClass14_0

2019-09-17 05:23:56.1044|INFO|ProjectManager.Utils.LoggingUtility|Operation Result Format: JSON
Request ID: 80000005-0001-fd00-b63f-84710c7967bb
Method: GET
URL: http://localhost:50830/api/task?projectId=2
Controller : ProjectManager.Controllers.TaskController
Action : RetrieveTaskByProjectId
Action Parameters : System.Web.Http.Tracing.ITraceWriterExtensions+<>c__DisplayClass14_0

2019-09-17 05:23:56.1044|INFO|ProjectManager.Utils.LoggingUtility|Operation Result Format: JSON
Request ID: 80000005-0001-fd00-b63f-84710c7967bb
Method: GET
URL: http://localhost:50830/api/task?projectId=2
Controller : ProjectManager.Controllers.TaskController
Action : RetrieveTaskByProjectId
Action Parameters : System.Web.Http.Tracing.ITraceWriterExtensions+<>c__DisplayClass14_0

2019-09-17 05:24:27.1279|INFO|ProjectManager.Utils.LoggingUtility|Operation Result Format: JSON
Request ID: 80000006-0001-fd00-b63f-84710c7967bb
Method: GET
URL: http://localhost:50830/api/user
Controller : ProjectManager.Controllers.UserController
Action : GetUser
Action Parameters : System.Web.Http.Tracing.ITraceWriterExtensions+<>c__DisplayClass14_0

2019-09-17 05:24:27.1279|INFO|ProjectManager.Utils.LoggingUtility|Operation Result Format: JSON
Request ID: 80000006-0001-fd00-b63f-84710c7967bb
Method: GET
URL: http://localhost:50830/api/user
Controller : ProjectManager.Controllers.UserController
Action : GetUser
Action Parameters : System.Web.Http.Tracing.ITraceWriterExtensions+<>c__DisplayClass14_0

2019-09-17 05:24:28.7650|INFO|ProjectManager.Utils.LoggingUtility|Operation Result Format: JSON
Request ID: 80000007-0001-fd00-b63f-84710c7967bb
Method: GET
URL: http://localhost:50830/api/project
Controller : ProjectManager.Controllers.ProjectController
Action : RetrieveProjects
Action Parameters : System.Web.Http.Tracing.ITraceWriterExtensions+<>c__DisplayClass14_0

2019-09-17 05:24:28.7680|INFO|ProjectManager.Utils.LoggingUtility|Operation Result Format: JSON
Request ID: 80000007-0001-fd00-b63f-84710c7967bb
Method: GET
URL: http://localhost:50830/api/project
Controller : ProjectManager.Controllers.ProjectController
Action : RetrieveProjects
Action Parameters : System.Web.Http.Tracing.ITraceWriterExtensions+<>c__DisplayClass14_0

2019-09-17 05:24:36.7700|INFO|ProjectManager.Utils.LoggingUtility|Operation Result Format: JSON
Request ID: 80000008-0001-fd00-b63f-84710c7967bb
Method: GET
URL: http://localhost:50830/api/task?projectId=2
Controller : ProjectManager.Controllers.TaskController
Action : RetrieveTaskByProjectId
Action Parameters : System.Web.Http.Tracing.ITraceWriterExtensions+<>c__DisplayClass14_0

2019-09-17 05:24:36.7700|INFO|ProjectManager.Utils.LoggingUtility|Operation Result Format: JSON
Request ID: 80000008-0001-fd00-b63f-84710c7967bb
Method: GET
URL: http://localhost:50830/api/task?projectId=2
Controller : ProjectManager.Controllers.TaskController
Action : RetrieveTaskByProjectId
Action Parameters : System.Web.Http.Tracing.ITraceWriterExtensions+<>c__DisplayClass14_0

2019-09-17 05:49:01.1367|INFO|ProjectManager.Utils.LoggingUtility|Operation Result Format: JSON
Request ID: 8000000a-0001-fd00-b63f-84710c7967bb
Method: GET
URL: http://localhost:50830/api/user
Controller : ProjectManager.Controllers.UserController
Action : GetUser
Action Parameters : System.Web.Http.Tracing.ITraceWriterExtensions+<>c__DisplayClass14_0

2019-09-17 05:49:01.1367|INFO|ProjectManager.Utils.LoggingUtility|Operation Result Format: JSON
Request ID: 8000000a-0001-fd00-b63f-84710c7967bb
Method: GET
URL: http://localhost:50830/api/user
Controller : ProjectManager.Controllers.UserController
Action : GetUser
Action Parameters : System.Web.Http.Tracing.ITraceWriterExtensions+<>c__DisplayClass14_0

2019-09-17 05:50:03.8081|INFO|ProjectManager.Utils.LoggingUtility|Operation Result Format: JSON
Request ID: 8000000b-0001-fd00-b63f-84710c7967bb
Method: GET
URL: http://localhost:50830/api/user
Controller : ProjectManager.Controllers.UserController
Action : GetUser
Action Parameters : System.Web.Http.Tracing.ITraceWriterExtensions+<>c__DisplayClass14_0

2019-09-17 05:50:03.8081|INFO|ProjectManager.Utils.LoggingUtility|Operation Result Format: JSON
Request ID: 8000000b-0001-fd00-b63f-84710c7967bb
Method: GET
URL: http://localhost:50830/api/user
Controller : ProjectManager.Controllers.UserController
Action : GetUser
Action Parameters : System.Web.Http.Tracing.ITraceWriterExtensions+<>c__DisplayClass14_0

2019-09-17 05:50:13.4767|INFO|ProjectManager.Utils.LoggingUtility|Operation Result Format: JSON
Request ID: 8000000c-0001-fd00-b63f-84710c7967bb
Method: GET
URL: http://localhost:50830/api/user
Controller : ProjectManager.Controllers.UserController
Action : GetUser
Action Parameters : System.Web.Http.Tracing.ITraceWriterExtensions+<>c__DisplayClass14_0

2019-09-17 05:50:13.4767|INFO|ProjectManager.Utils.LoggingUtility|Operation Result Format: JSON
Request ID: 8000000c-0001-fd00-b63f-84710c7967bb
Method: GET
URL: http://localhost:50830/api/user
Controller : ProjectManager.Controllers.UserController
Action : GetUser
Action Parameters : System.Web.Http.Tracing.ITraceWriterExtensions+<>c__DisplayClass14_0

2019-09-17 05:50:20.7403|INFO|ProjectManager.Utils.LoggingUtility|Operation Result Format: JSON
Request ID: 8000000d-0001-fd00-b63f-84710c7967bb
Method: GET
URL: http://localhost:50830/api/user
Controller : ProjectManager.Controllers.UserController
Action : GetUser
Action Parameters : System.Web.Http.Tracing.ITraceWriterExtensions+<>c__DisplayClass14_0

2019-09-17 05:50:20.7403|INFO|ProjectManager.Utils.LoggingUtility|Operation Result Format: JSON
Request ID: 8000000d-0001-fd00-b63f-84710c7967bb
Method: GET
URL: http://localhost:50830/api/user
Controller : ProjectManager.Controllers.UserController
Action : GetUser
Action Parameters : System.Web.Http.Tracing.ITraceWriterExtensions+<>c__DisplayClass14_0

2019-09-17 05:50:34.4705|INFO|ProjectManager.Utils.LoggingUtility|Operation Result Format: JSON
Request ID: 8000000e-0001-fd00-b63f-84710c7967bb
Method: GET
URL: http://localhost:50830/api/project
Controller : ProjectManager.Controllers.ProjectController
Action : RetrieveProjects
Action Parameters : System.Web.Http.Tracing.ITraceWriterExtensions+<>c__DisplayClass14_0

2019-09-17 05:50:34.4745|INFO|ProjectManager.Utils.LoggingUtility|Operation Result Format: JSON
Request ID: 8000000e-0001-fd00-b63f-84710c7967bb
Method: GET
URL: http://localhost:50830/api/project
Controller : ProjectManager.Controllers.ProjectController
Action : RetrieveProjects
Action Parameters : System.Web.Http.Tracing.ITraceWriterExtensions+<>c__DisplayClass14_0

2019-09-17 05:50:44.8264|INFO|ProjectManager.Utils.LoggingUtility|Operation Result Format: JSON
Request ID: 8000000f-0001-fd00-b63f-84710c7967bb
Method: GET
URL: http://localhost:50830/api/task?projectId=2
Controller : ProjectManager.Controllers.TaskController
Action : RetrieveTaskByProjectId
Action Parameters : System.Web.Http.Tracing.ITraceWriterExtensions+<>c__DisplayClass14_0

2019-09-17 05:50:44.8264|INFO|ProjectManager.Utils.LoggingUtility|Operation Result Format: JSON
Request ID: 8000000f-0001-fd00-b63f-84710c7967bb
Method: GET
URL: http://localhost:50830/api/task?projectId=2
Controller : ProjectManager.Controllers.TaskController
Action : RetrieveTaskByProjectId
Action Parameters : System.Web.Http.Tracing.ITraceWriterExtensions+<>c__DisplayClass14_0

2019-09-17 05:52:31.3557|INFO|ProjectManager.Utils.LoggingUtility|Operation Result Format: JSON
Request ID: 80000010-0001-fd00-b63f-84710c7967bb
Method: GET
URL: http://localhost:50830/api/task?projectId=1
Controller : ProjectManager.Controllers.TaskController
Action : RetrieveTaskByProjectId
Action Parameters : System.Web.Http.Tracing.ITraceWriterExtensions+<>c__DisplayClass14_0

2019-09-17 05:52:31.3709|INFO|ProjectManager.Utils.LoggingUtility|Operation Result Format: JSON
Request ID: 80000010-0001-fd00-b63f-84710c7967bb
Method: GET
URL: http://localhost:50830/api/task?projectId=1
Controller : ProjectManager.Controllers.TaskController
Action : RetrieveTaskByProjectId
Action Parameters : System.Web.Http.Tracing.ITraceWriterExtensions+<>c__DisplayClass14_0

2019-09-17 05:58:16.3065|INFO|ProjectManager.Utils.LoggingUtility|Operation Result Format: JSON
Request ID: 8000000b-0000-f900-b63f-84710c7967bb
Method: GET
URL: http://localhost:50830/api/project
Controller : ProjectManager.Controllers.ProjectController
Action : RetrieveProjects
Action Parameters : System.Web.Http.Tracing.ITraceWriterExtensions+<>c__DisplayClass14_0

2019-09-17 05:58:16.3515|INFO|ProjectManager.Utils.LoggingUtility|Operation Result Format: JSON
Request ID: 8000000b-0000-f900-b63f-84710c7967bb
Method: GET
URL: http://localhost:50830/api/project
Controller : ProjectManager.Controllers.ProjectController
Action : RetrieveProjects
Action Parameters : System.Web.Http.Tracing.ITraceWriterExtensions+<>c__DisplayClass14_0

2019-09-17 05:59:59.1909|INFO|ProjectManager.Utils.LoggingUtility|Operation Result Format: JSON
Request ID: 8000000c-0000-f900-b63f-84710c7967bb
Method: GET
URL: http://localhost:50830/api/task?projectId=1
Controller : ProjectManager.Controllers.TaskController
Action : RetrieveTaskByProjectId
Action Parameters : System.Web.Http.Tracing.ITraceWriterExtensions+<>c__DisplayClass14_0

2019-09-17 05:59:59.1909|INFO|ProjectManager.Utils.LoggingUtility|Operation Result Format: JSON
Request ID: 8000000c-0000-f900-b63f-84710c7967bb
Method: GET
URL: http://localhost:50830/api/task?projectId=1
Controller : ProjectManager.Controllers.TaskController
Action : RetrieveTaskByProjectId
Action Parameters : System.Web.Http.Tracing.ITraceWriterExtensions+<>c__DisplayClass14_0

2019-09-17 06:07:08.8929|INFO|ProjectManager.Utils.LoggingUtility|Operation Result Format: JSON
Request ID: 80000007-0002-ff00-b63f-84710c7967bb
Method: GET
URL: http://localhost:50830/api/project
Controller : ProjectManager.Controllers.ProjectController
Action : RetrieveProjects
Action Parameters : System.Web.Http.Tracing.ITraceWriterExtensions+<>c__DisplayClass14_0

2019-09-17 06:07:08.8929|INFO|ProjectManager.Utils.LoggingUtility|Operation Result Format: JSON
Request ID: 80000007-0002-ff00-b63f-84710c7967bb
Method: GET
URL: http://localhost:50830/api/project
Controller : ProjectManager.Controllers.ProjectController
Action : RetrieveProjects
Action Parameters : System.Web.Http.Tracing.ITraceWriterExtensions+<>c__DisplayClass14_0

2019-09-17 06:07:13.9488|INFO|ProjectManager.Utils.LoggingUtility|Operation Result Format: JSON
Request ID: 80000008-0002-ff00-b63f-84710c7967bb
Method: GET
URL: http://localhost:50830/api/task?projectId=1
Controller : ProjectManager.Controllers.TaskController
Action : RetrieveTaskByProjectId
Action Parameters : System.Web.Http.Tracing.ITraceWriterExtensions+<>c__DisplayClass14_0

2019-09-17 06:07:13.9488|INFO|ProjectManager.Utils.LoggingUtility|Operation Result Format: JSON
Request ID: 80000008-0002-ff00-b63f-84710c7967bb
Method: GET
URL: http://localhost:50830/api/task?projectId=1
Controller : ProjectManager.Controllers.TaskController
Action : RetrieveTaskByProjectId
Action Parameters : System.Web.Http.Tracing.ITraceWriterExtensions+<>c__DisplayClass14_0

2019-09-17 06:11:33.3866|INFO|ProjectManager.Utils.LoggingUtility|Operation Result Format: JSON
Request ID: 80000012-0001-fd00-b63f-84710c7967bb
Method: GET
URL: http://localhost:50830/api/user
Controller : ProjectManager.Controllers.UserController
Action : GetUser
Action Parameters : System.Web.Http.Tracing.ITraceWriterExtensions+<>c__DisplayClass14_0

2019-09-17 06:11:33.3866|INFO|ProjectManager.Utils.LoggingUtility|Operation Result Format: JSON
Request ID: 80000012-0001-fd00-b63f-84710c7967bb
Method: GET
URL: http://localhost:50830/api/user
Controller : ProjectManager.Controllers.UserController
Action : GetUser
Action Parameters : System.Web.Http.Tracing.ITraceWriterExtensions+<>c__DisplayClass14_0

2019-09-17 06:11:38.5817|INFO|ProjectManager.Utils.LoggingUtility|Operation Result Format: JSON
Request ID: 80000013-0001-fd00-b63f-84710c7967bb
Method: GET
URL: http://localhost:50830/api/project
Controller : ProjectManager.Controllers.ProjectController
Action : RetrieveProjects
Action Parameters : System.Web.Http.Tracing.ITraceWriterExtensions+<>c__DisplayClass14_0

2019-09-17 06:11:38.5817|INFO|ProjectManager.Utils.LoggingUtility|Operation Result Format: JSON
Request ID: 80000013-0001-fd00-b63f-84710c7967bb
Method: GET
URL: http://localhost:50830/api/project
Controller : ProjectManager.Controllers.ProjectController
Action : RetrieveProjects
Action Parameters : System.Web.Http.Tracing.ITraceWriterExtensions+<>c__DisplayClass14_0

2019-09-17 06:11:52.7640|INFO|ProjectManager.Utils.LoggingUtility|Operation Result Format: JSON
Request ID: 80000014-0001-fd00-b63f-84710c7967bb
Method: GET
URL: http://localhost:50830/api/task?projectId=1
Controller : ProjectManager.Controllers.TaskController
Action : RetrieveTaskByProjectId
Action Parameters : System.Web.Http.Tracing.ITraceWriterExtensions+<>c__DisplayClass14_0

2019-09-17 06:11:52.7640|INFO|ProjectManager.Utils.LoggingUtility|Operation Result Format: JSON
Request ID: 80000014-0001-fd00-b63f-84710c7967bb
Method: GET
URL: http://localhost:50830/api/task?projectId=1
Controller : ProjectManager.Controllers.TaskController
Action : RetrieveTaskByProjectId
Action Parameters : System.Web.Http.Tracing.ITraceWriterExtensions+<>c__DisplayClass14_0

2019-09-17 06:11:54.6443|INFO|ProjectManager.Utils.LoggingUtility|Operation Result Format: JSON
Request ID: 80000015-0001-fd00-b63f-84710c7967bb
Method: GET
URL: http://localhost:50830/api/task?projectId=1
Controller : ProjectManager.Controllers.TaskController
Action : RetrieveTaskByProjectId
Action Parameters : System.Web.Http.Tracing.ITraceWriterExtensions+<>c__DisplayClass14_0

2019-09-17 06:11:54.6443|INFO|ProjectManager.Utils.LoggingUtility|Operation Result Format: JSON
Request ID: 80000015-0001-fd00-b63f-84710c7967bb
Method: GET
URL: http://localhost:50830/api/task?projectId=1
Controller : ProjectManager.Controllers.TaskController
Action : RetrieveTaskByProjectId
Action Parameters : System.Web.Http.Tracing.ITraceWriterExtensions+<>c__DisplayClass14_0

2019-09-17 06:13:47.5786|INFO|ProjectManager.Utils.LoggingUtility|Operation Result Format: JSON
Request ID: 80000016-0001-fd00-b63f-84710c7967bb
Method: GET
URL: http://localhost:50830/api/project
Controller : ProjectManager.Controllers.ProjectController
Action : RetrieveProjects
Action Parameters : System.Web.Http.Tracing.ITraceWriterExtensions+<>c__DisplayClass14_0

2019-09-17 06:13:47.5866|INFO|ProjectManager.Utils.LoggingUtility|Operation Result Format: JSON
Request ID: 80000016-0001-fd00-b63f-84710c7967bb
Method: GET
URL: http://localhost:50830/api/project
Controller : ProjectManager.Controllers.ProjectController
Action : RetrieveProjects
Action Parameters : System.Web.Http.Tracing.ITraceWriterExtensions+<>c__DisplayClass14_0

2019-09-17 06:14:49.4746|INFO|ProjectManager.Utils.LoggingUtility|Operation Result Format: JSON
Request ID: 80000017-0001-fd00-b63f-84710c7967bb
Method: GET
URL: http://localhost:50830/api/project
Controller : ProjectManager.Controllers.ProjectController
Action : RetrieveProjects
Action Parameters : System.Web.Http.Tracing.ITraceWriterExtensions+<>c__DisplayClass14_0

2019-09-17 06:14:49.4746|INFO|ProjectManager.Utils.LoggingUtility|Operation Result Format: JSON
Request ID: 80000017-0001-fd00-b63f-84710c7967bb
Method: GET
URL: http://localhost:50830/api/project
Controller : ProjectManager.Controllers.ProjectController
Action : RetrieveProjects
Action Parameters : System.Web.Http.Tracing.ITraceWriterExtensions+<>c__DisplayClass14_0

2019-09-17 06:14:57.0946|INFO|ProjectManager.Utils.LoggingUtility|Operation Result Format: JSON
Request ID: 80000018-0001-fd00-b63f-84710c7967bb
Method: GET
URL: http://localhost:50830/api/task?projectId=1
Controller : ProjectManager.Controllers.TaskController
Action : RetrieveTaskByProjectId
Action Parameters : System.Web.Http.Tracing.ITraceWriterExtensions+<>c__DisplayClass14_0

2019-09-17 06:14:57.1076|INFO|ProjectManager.Utils.LoggingUtility|Operation Result Format: JSON
Request ID: 80000018-0001-fd00-b63f-84710c7967bb
Method: GET
URL: http://localhost:50830/api/task?projectId=1
Controller : ProjectManager.Controllers.TaskController
Action : RetrieveTaskByProjectId
Action Parameters : System.Web.Http.Tracing.ITraceWriterExtensions+<>c__DisplayClass14_0

2019-09-17 06:15:33.8618|INFO|ProjectManager.Utils.LoggingUtility|Operation Result Format: JSON
Request ID: 80000019-0001-fd00-b63f-84710c7967bb
Method: GET
URL: http://localhost:50830/api/project
Controller : ProjectManager.Controllers.ProjectController
Action : RetrieveProjects
Action Parameters : System.Web.Http.Tracing.ITraceWriterExtensions+<>c__DisplayClass14_0

2019-09-17 06:15:33.8618|INFO|ProjectManager.Utils.LoggingUtility|Operation Result Format: JSON
Request ID: 80000019-0001-fd00-b63f-84710c7967bb
Method: GET
URL: http://localhost:50830/api/project
Controller : ProjectManager.Controllers.ProjectController
Action : RetrieveProjects
Action Parameters : System.Web.Http.Tracing.ITraceWriterExtensions+<>c__DisplayClass14_0

2019-09-17 06:15:47.5595|INFO|ProjectManager.Utils.LoggingUtility|Operation Result Format: JSON
Request ID: 8000001a-0001-fd00-b63f-84710c7967bb
Method: GET
URL: http://localhost:50830/api/task/parent
Controller : ProjectManager.Controllers.TaskController
Action : RetrieveParentTasks
Action Parameters : System.Web.Http.Tracing.ITraceWriterExtensions+<>c__DisplayClass14_0

2019-09-17 06:15:47.5595|INFO|ProjectManager.Utils.LoggingUtility|Operation Result Format: JSON
Request ID: 8000001a-0001-fd00-b63f-84710c7967bb
Method: GET
URL: http://localhost:50830/api/task/parent
Controller : ProjectManager.Controllers.TaskController
Action : RetrieveParentTasks
Action Parameters : System.Web.Http.Tracing.ITraceWriterExtensions+<>c__DisplayClass14_0

2019-09-17 06:16:09.9402|INFO|ProjectManager.Utils.LoggingUtility|Operation Result Format: JSON
Request ID: 8000001b-0001-fd00-b63f-84710c7967bb
Method: GET
URL: http://localhost:50830/api/user
Controller : ProjectManager.Controllers.UserController
Action : GetUser
Action Parameters : System.Web.Http.Tracing.ITraceWriterExtensions+<>c__DisplayClass14_0

2019-09-17 06:16:09.9402|INFO|ProjectManager.Utils.LoggingUtility|Operation Result Format: JSON
Request ID: 8000001b-0001-fd00-b63f-84710c7967bb
Method: GET
URL: http://localhost:50830/api/user
Controller : ProjectManager.Controllers.UserController
Action : GetUser
Action Parameters : System.Web.Http.Tracing.ITraceWriterExtensions+<>c__DisplayClass14_0

2019-09-17 06:16:41.8072|INFO|ProjectManager.Utils.LoggingUtility|Operation Result Format: JSON
Request ID: 8000001d-0001-fd00-b63f-84710c7967bb
Method: POST
URL: http://localhost:50830/api/task/add
Controller : ProjectManager.Controllers.TaskController
Action : InsertTaskDetails
Action Parameters : System.Web.Http.Tracing.ITraceWriterExtensions+<>c__DisplayClass14_0

2019-09-17 06:16:41.8072|INFO|ProjectManager.Utils.LoggingUtility|Operation Result Format: JSON
Request ID: 8000001d-0001-fd00-b63f-84710c7967bb
Method: POST
URL: http://localhost:50830/api/task/add
Controller : ProjectManager.Controllers.TaskController
Action : InsertTaskDetails
Action Parameters : System.Web.Http.Tracing.ITraceWriterExtensions+<>c__DisplayClass14_0

2019-09-17 06:17:42.8416|INFO|ProjectManager.Utils.LoggingUtility|Operation Result Format: JSON
Request ID: 8000001e-0001-fd00-b63f-84710c7967bb
Method: GET
URL: http://localhost:50830/api/project
Controller : ProjectManager.Controllers.ProjectController
Action : RetrieveProjects
Action Parameters : System.Web.Http.Tracing.ITraceWriterExtensions+<>c__DisplayClass14_0

2019-09-17 06:17:42.8416|INFO|ProjectManager.Utils.LoggingUtility|Operation Result Format: JSON
Request ID: 8000001e-0001-fd00-b63f-84710c7967bb
Method: GET
URL: http://localhost:50830/api/project
Controller : ProjectManager.Controllers.ProjectController
Action : RetrieveProjects
Action Parameters : System.Web.Http.Tracing.ITraceWriterExtensions+<>c__DisplayClass14_0

2019-09-17 06:17:47.7908|INFO|ProjectManager.Utils.LoggingUtility|Operation Result Format: JSON
Request ID: 8000001f-0001-fd00-b63f-84710c7967bb
Method: GET
URL: http://localhost:50830/api/task?projectId=1
Controller : ProjectManager.Controllers.TaskController
Action : RetrieveTaskByProjectId
Action Parameters : System.Web.Http.Tracing.ITraceWriterExtensions+<>c__DisplayClass14_0

2019-09-17 06:17:47.7908|INFO|ProjectManager.Utils.LoggingUtility|Operation Result Format: JSON
Request ID: 8000001f-0001-fd00-b63f-84710c7967bb
Method: GET
URL: http://localhost:50830/api/task?projectId=1
Controller : ProjectManager.Controllers.TaskController
Action : RetrieveTaskByProjectId
Action Parameters : System.Web.Http.Tracing.ITraceWriterExtensions+<>c__DisplayClass14_0

2019-09-17 06:20:04.5046|INFO|ProjectManager.Utils.LoggingUtility|Operation Result Format: JSON
Request ID: 80000002-0003-fb00-b63f-84710c7967bb
Method: GET
URL: http://localhost:50830/api/task?projectId=2
Controller : ProjectManager.Controllers.TaskController
Action : RetrieveTaskByProjectId
Action Parameters : System.Web.Http.Tracing.ITraceWriterExtensions+<>c__DisplayClass14_0

2019-09-17 06:20:04.5202|INFO|ProjectManager.Utils.LoggingUtility|Operation Result Format: JSON
Request ID: 80000002-0003-fb00-b63f-84710c7967bb
Method: GET
URL: http://localhost:50830/api/task?projectId=2
Controller : ProjectManager.Controllers.TaskController
Action : RetrieveTaskByProjectId
Action Parameters : System.Web.Http.Tracing.ITraceWriterExtensions+<>c__DisplayClass14_0

2019-09-17 06:23:44.6317|INFO|ProjectManager.Utils.LoggingUtility|Request ID: 80000002-0003-fb00-b63f-84710c7967bb
Method: GET
URL: http://localhost:50830/api/task?projectId=2
Controller : ProjectManager.Controllers.TaskController
Action : RetrieveTaskByProjectId
Action Parameters : System.Web.Http.Tracing.ITraceWriterExtensions+<>c__DisplayClass12_0
Error: The operation cannot be completed because the DbContext has been disposed.


2019-09-17 06:24:13.3871|INFO|ProjectManager.Utils.LoggingUtility|Operation Result Format: JSON
Request ID: 80000003-0003-fb00-b63f-84710c7967bb
Method: GET
URL: http://localhost:50830/api/task?projectId=1
Controller : ProjectManager.Controllers.TaskController
Action : RetrieveTaskByProjectId
Action Parameters : System.Web.Http.Tracing.ITraceWriterExtensions+<>c__DisplayClass14_0

2019-09-17 06:24:13.3871|INFO|ProjectManager.Utils.LoggingUtility|Operation Result Format: JSON
Request ID: 80000003-0003-fb00-b63f-84710c7967bb
Method: GET
URL: http://localhost:50830/api/task?projectId=1
Controller : ProjectManager.Controllers.TaskController
Action : RetrieveTaskByProjectId
Action Parameters : System.Web.Http.Tracing.ITraceWriterExtensions+<>c__DisplayClass14_0

2019-09-17 06:27:40.8143|INFO|ProjectManager.Utils.LoggingUtility|Operation Result Format: JSON
Request ID: 80000021-0001-fd00-b63f-84710c7967bb
Method: GET
URL: http://localhost:50830/api/task?projectId=2
Controller : ProjectManager.Controllers.TaskController
Action : RetrieveTaskByProjectId
Action Parameters : System.Web.Http.Tracing.ITraceWriterExtensions+<>c__DisplayClass14_0

2019-09-17 06:27:40.8299|INFO|ProjectManager.Utils.LoggingUtility|Operation Result Format: JSON
Request ID: 80000021-0001-fd00-b63f-84710c7967bb
Method: GET
URL: http://localhost:50830/api/task?projectId=2
Controller : ProjectManager.Controllers.TaskController
Action : RetrieveTaskByProjectId
Action Parameters : System.Web.Http.Tracing.ITraceWriterExtensions+<>c__DisplayClass14_0

2019-09-17 06:28:47.6921|INFO|ProjectManager.Utils.LoggingUtility|Operation Result Format: JSON
Request ID: 80000022-0001-fd00-b63f-84710c7967bb
Method: GET
URL: http://localhost:50830/api/project
Controller : ProjectManager.Controllers.ProjectController
Action : RetrieveProjects
Action Parameters : System.Web.Http.Tracing.ITraceWriterExtensions+<>c__DisplayClass14_0

2019-09-17 06:28:47.6921|INFO|ProjectManager.Utils.LoggingUtility|Operation Result Format: JSON
Request ID: 80000022-0001-fd00-b63f-84710c7967bb
Method: GET
URL: http://localhost:50830/api/project
Controller : ProjectManager.Controllers.ProjectController
Action : RetrieveProjects
Action Parameters : System.Web.Http.Tracing.ITraceWriterExtensions+<>c__DisplayClass14_0

2019-09-17 06:28:53.8549|INFO|ProjectManager.Utils.LoggingUtility|Operation Result Format: JSON
Request ID: 80000023-0001-fd00-b63f-84710c7967bb
Method: GET
URL: http://localhost:50830/api/task?projectId=1
Controller : ProjectManager.Controllers.TaskController
Action : RetrieveTaskByProjectId
Action Parameters : System.Web.Http.Tracing.ITraceWriterExtensions+<>c__DisplayClass14_0

2019-09-17 06:28:53.8706|INFO|ProjectManager.Utils.LoggingUtility|Operation Result Format: JSON
Request ID: 80000023-0001-fd00-b63f-84710c7967bb
Method: GET
URL: http://localhost:50830/api/task?projectId=1
Controller : ProjectManager.Controllers.TaskController
Action : RetrieveTaskByProjectId
Action Parameters : System.Web.Http.Tracing.ITraceWriterExtensions+<>c__DisplayClass14_0

2019-09-17 06:30:00.1297|INFO|ProjectManager.Utils.LoggingUtility|Request ID: 80000023-0001-fd00-b63f-84710c7967bb
Method: GET
URL: http://localhost:50830/api/task?projectId=1
Controller : ProjectManager.Controllers.TaskController
Action : RetrieveTaskByProjectId
Action Parameters : System.Web.Http.Tracing.ITraceWriterExtensions+<>c__DisplayClass12_0
Error: The operation cannot be completed because the DbContext has been disposed.


2019-09-17 06:30:12.4278|INFO|ProjectManager.Utils.LoggingUtility|Operation Result Format: JSON
Request ID: 80000024-0001-fd00-b63f-84710c7967bb
Method: GET
URL: http://localhost:50830/api/task?projectId=2
Controller : ProjectManager.Controllers.TaskController
Action : RetrieveTaskByProjectId
Action Parameters : System.Web.Http.Tracing.ITraceWriterExtensions+<>c__DisplayClass14_0

2019-09-17 06:30:12.4278|INFO|ProjectManager.Utils.LoggingUtility|Operation Result Format: JSON
Request ID: 80000024-0001-fd00-b63f-84710c7967bb
Method: GET
URL: http://localhost:50830/api/task?projectId=2
Controller : ProjectManager.Controllers.TaskController
Action : RetrieveTaskByProjectId
Action Parameters : System.Web.Http.Tracing.ITraceWriterExtensions+<>c__DisplayClass14_0

2019-09-17 06:32:40.2646|INFO|ProjectManager.Utils.LoggingUtility|Operation Result Format: JSON
Request ID: 80000025-0001-fd00-b63f-84710c7967bb
Method: GET
URL: http://localhost:50830/api/task?projectId=2
Controller : ProjectManager.Controllers.TaskController
Action : RetrieveTaskByProjectId
Action Parameters : System.Web.Http.Tracing.ITraceWriterExtensions+<>c__DisplayClass14_0

2019-09-17 06:32:41.1244|INFO|ProjectManager.Utils.LoggingUtility|Operation Result Format: JSON
Request ID: 80000025-0001-fd00-b63f-84710c7967bb
Method: GET
URL: http://localhost:50830/api/task?projectId=2
Controller : ProjectManager.Controllers.TaskController
Action : RetrieveTaskByProjectId
Action Parameters : System.Web.Http.Tracing.ITraceWriterExtensions+<>c__DisplayClass14_0

2019-09-17 06:32:41.1244|INFO|ProjectManager.Utils.LoggingUtility|Operation Result Format: JSON
Request ID: 80000002-0001-fc00-b63f-84710c7967bb
Method: GET
URL: http://localhost:50830/api/task?projectId=1
Controller : ProjectManager.Controllers.TaskController
Action : RetrieveTaskByProjectId
Action Parameters : System.Web.Http.Tracing.ITraceWriterExtensions+<>c__DisplayClass14_0

2019-09-17 06:32:42.4972|INFO|ProjectManager.Utils.LoggingUtility|Operation Result Format: JSON
Request ID: 80000002-0001-fc00-b63f-84710c7967bb
Method: GET
URL: http://localhost:50830/api/task?projectId=1
Controller : ProjectManager.Controllers.TaskController
Action : RetrieveTaskByProjectId
Action Parameters : System.Web.Http.Tracing.ITraceWriterExtensions+<>c__DisplayClass14_0

2019-09-17 06:32:53.4857|INFO|ProjectManager.Utils.LoggingUtility|Operation Result Format: JSON
Request ID: 80000003-0001-fc00-b63f-84710c7967bb
Method: GET
URL: http://localhost:50830/api/project
Controller : ProjectManager.Controllers.ProjectController
Action : RetrieveProjects
Action Parameters : System.Web.Http.Tracing.ITraceWriterExtensions+<>c__DisplayClass14_0

2019-09-17 06:32:53.4897|INFO|ProjectManager.Utils.LoggingUtility|Operation Result Format: JSON
Request ID: 80000003-0001-fc00-b63f-84710c7967bb
Method: GET
URL: http://localhost:50830/api/project
Controller : ProjectManager.Controllers.ProjectController
Action : RetrieveProjects
Action Parameters : System.Web.Http.Tracing.ITraceWriterExtensions+<>c__DisplayClass14_0

2019-09-17 06:33:00.5593|INFO|ProjectManager.Utils.LoggingUtility|Operation Result Format: JSON
Request ID: 80000004-0001-fc00-b63f-84710c7967bb
Method: GET
URL: http://localhost:50830/api/task?projectId=2
Controller : ProjectManager.Controllers.TaskController
Action : RetrieveTaskByProjectId
Action Parameters : System.Web.Http.Tracing.ITraceWriterExtensions+<>c__DisplayClass14_0

2019-09-17 06:33:00.5593|INFO|ProjectManager.Utils.LoggingUtility|Operation Result Format: JSON
Request ID: 80000004-0001-fc00-b63f-84710c7967bb
Method: GET
URL: http://localhost:50830/api/task?projectId=2
Controller : ProjectManager.Controllers.TaskController
Action : RetrieveTaskByProjectId
Action Parameters : System.Web.Http.Tracing.ITraceWriterExtensions+<>c__DisplayClass14_0

2019-09-17 06:33:18.9009|INFO|ProjectManager.Utils.LoggingUtility|Operation Result Format: JSON
Request ID: 80000006-0001-fc00-b63f-84710c7967bb
Method: POST
URL: http://localhost:50830/api/task/delete
Controller : ProjectManager.Controllers.TaskController
Action : DeleteTaskDetails
Action Parameters : System.Web.Http.Tracing.ITraceWriterExtensions+<>c__DisplayClass14_0

2019-09-17 06:33:18.9009|INFO|ProjectManager.Utils.LoggingUtility|Operation Result Format: JSON
Request ID: 80000006-0001-fc00-b63f-84710c7967bb
Method: POST
URL: http://localhost:50830/api/task/delete
Controller : ProjectManager.Controllers.TaskController
Action : DeleteTaskDetails
Action Parameters : System.Web.Http.Tracing.ITraceWriterExtensions+<>c__DisplayClass14_0

2019-09-17 06:33:20.0429|INFO|ProjectManager.Utils.LoggingUtility|Operation Result Format: JSON
Request ID: 80000007-0001-fc00-b63f-84710c7967bb
Method: GET
URL: http://localhost:50830/api/task?projectId=2
Controller : ProjectManager.Controllers.TaskController
Action : RetrieveTaskByProjectId
Action Parameters : System.Web.Http.Tracing.ITraceWriterExtensions+<>c__DisplayClass14_0

2019-09-17 06:33:20.0585|INFO|ProjectManager.Utils.LoggingUtility|Operation Result Format: JSON
Request ID: 80000007-0001-fc00-b63f-84710c7967bb
Method: GET
URL: http://localhost:50830/api/task?projectId=2
Controller : ProjectManager.Controllers.TaskController
Action : RetrieveTaskByProjectId
Action Parameters : System.Web.Http.Tracing.ITraceWriterExtensions+<>c__DisplayClass14_0

2019-09-17 06:33:40.7553|INFO|ProjectManager.Utils.LoggingUtility|Operation Result Format: JSON
Request ID: 80000009-0001-fc00-b63f-84710c7967bb
Method: POST
URL: http://localhost:50830/api/task/delete
Controller : ProjectManager.Controllers.TaskController
Action : DeleteTaskDetails
Action Parameters : System.Web.Http.Tracing.ITraceWriterExtensions+<>c__DisplayClass14_0

2019-09-17 06:33:40.7553|INFO|ProjectManager.Utils.LoggingUtility|Operation Result Format: JSON
Request ID: 80000009-0001-fc00-b63f-84710c7967bb
Method: POST
URL: http://localhost:50830/api/task/delete
Controller : ProjectManager.Controllers.TaskController
Action : DeleteTaskDetails
Action Parameters : System.Web.Http.Tracing.ITraceWriterExtensions+<>c__DisplayClass14_0

2019-09-17 06:33:41.7824|INFO|ProjectManager.Utils.LoggingUtility|Operation Result Format: JSON
Request ID: 8000000a-0001-fc00-b63f-84710c7967bb
Method: GET
URL: http://localhost:50830/api/task?projectId=2
Controller : ProjectManager.Controllers.TaskController
Action : RetrieveTaskByProjectId
Action Parameters : System.Web.Http.Tracing.ITraceWriterExtensions+<>c__DisplayClass14_0

2019-09-17 06:33:41.7986|INFO|ProjectManager.Utils.LoggingUtility|Operation Result Format: JSON
Request ID: 8000000a-0001-fc00-b63f-84710c7967bb
Method: GET
URL: http://localhost:50830/api/task?projectId=2
Controller : ProjectManager.Controllers.TaskController
Action : RetrieveTaskByProjectId
Action Parameters : System.Web.Http.Tracing.ITraceWriterExtensions+<>c__DisplayClass14_0

2019-09-17 06:34:51.5563|INFO|ProjectManager.Utils.LoggingUtility|Operation Result Format: JSON
Request ID: 8000000b-0001-fc00-b63f-84710c7967bb
Method: GET
URL: http://localhost:50830/api/project
Controller : ProjectManager.Controllers.ProjectController
Action : RetrieveProjects
Action Parameters : System.Web.Http.Tracing.ITraceWriterExtensions+<>c__DisplayClass14_0

2019-09-17 06:34:51.5563|INFO|ProjectManager.Utils.LoggingUtility|Operation Result Format: JSON
Request ID: 8000000b-0001-fc00-b63f-84710c7967bb
Method: GET
URL: http://localhost:50830/api/project
Controller : ProjectManager.Controllers.ProjectController
Action : RetrieveProjects
Action Parameters : System.Web.Http.Tracing.ITraceWriterExtensions+<>c__DisplayClass14_0

2019-09-17 06:34:58.5235|INFO|ProjectManager.Utils.LoggingUtility|Operation Result Format: JSON
Request ID: 8000000c-0001-fc00-b63f-84710c7967bb
Method: GET
URL: http://localhost:50830/api/task?projectId=1
Controller : ProjectManager.Controllers.TaskController
Action : RetrieveTaskByProjectId
Action Parameters : System.Web.Http.Tracing.ITraceWriterExtensions+<>c__DisplayClass14_0

2019-09-17 06:34:58.5235|INFO|ProjectManager.Utils.LoggingUtility|Operation Result Format: JSON
Request ID: 8000000c-0001-fc00-b63f-84710c7967bb
Method: GET
URL: http://localhost:50830/api/task?projectId=1
Controller : ProjectManager.Controllers.TaskController
Action : RetrieveTaskByProjectId
Action Parameters : System.Web.Http.Tracing.ITraceWriterExtensions+<>c__DisplayClass14_0

2019-09-17 06:35:12.2965|INFO|ProjectManager.Utils.LoggingUtility|Operation Result Format: JSON
Request ID: 8000000e-0001-fc00-b63f-84710c7967bb
Method: POST
URL: http://localhost:50830/api/task/delete
Controller : ProjectManager.Controllers.TaskController
Action : DeleteTaskDetails
Action Parameters : System.Web.Http.Tracing.ITraceWriterExtensions+<>c__DisplayClass14_0

2019-09-17 06:35:12.3009|INFO|ProjectManager.Utils.LoggingUtility|Operation Result Format: JSON
Request ID: 8000000e-0001-fc00-b63f-84710c7967bb
Method: POST
URL: http://localhost:50830/api/task/delete
Controller : ProjectManager.Controllers.TaskController
Action : DeleteTaskDetails
Action Parameters : System.Web.Http.Tracing.ITraceWriterExtensions+<>c__DisplayClass14_0

2019-09-17 06:35:13.2564|INFO|ProjectManager.Utils.LoggingUtility|Operation Result Format: JSON
Request ID: 8000000f-0001-fc00-b63f-84710c7967bb
Method: GET
URL: http://localhost:50830/api/task?projectId=1
Controller : ProjectManager.Controllers.TaskController
Action : RetrieveTaskByProjectId
Action Parameters : System.Web.Http.Tracing.ITraceWriterExtensions+<>c__DisplayClass14_0

2019-09-17 06:35:13.2720|INFO|ProjectManager.Utils.LoggingUtility|Operation Result Format: JSON
Request ID: 8000000f-0001-fc00-b63f-84710c7967bb
Method: GET
URL: http://localhost:50830/api/task?projectId=1
Controller : ProjectManager.Controllers.TaskController
Action : RetrieveTaskByProjectId
Action Parameters : System.Web.Http.Tracing.ITraceWriterExtensions+<>c__DisplayClass14_0

2019-09-17 06:35:38.9489|INFO|ProjectManager.Utils.LoggingUtility|Operation Result Format: JSON
Request ID: 80000010-0001-fc00-b63f-84710c7967bb
Method: GET
URL: http://localhost:50830/api/task?projectId=2
Controller : ProjectManager.Controllers.TaskController
Action : RetrieveTaskByProjectId
Action Parameters : System.Web.Http.Tracing.ITraceWriterExtensions+<>c__DisplayClass14_0

2019-09-17 06:35:38.9489|INFO|ProjectManager.Utils.LoggingUtility|Operation Result Format: JSON
Request ID: 80000010-0001-fc00-b63f-84710c7967bb
Method: GET
URL: http://localhost:50830/api/task?projectId=2
Controller : ProjectManager.Controllers.TaskController
Action : RetrieveTaskByProjectId
Action Parameters : System.Web.Http.Tracing.ITraceWriterExtensions+<>c__DisplayClass14_0

2019-09-17 06:36:11.0251|INFO|ProjectManager.Utils.LoggingUtility|Operation Result Format: JSON
Request ID: 80000011-0001-fc00-b63f-84710c7967bb
Method: GET
URL: http://localhost:50830/api/user
Controller : ProjectManager.Controllers.UserController
Action : GetUser
Action Parameters : System.Web.Http.Tracing.ITraceWriterExtensions+<>c__DisplayClass14_0

2019-09-17 06:36:11.0251|INFO|ProjectManager.Utils.LoggingUtility|Operation Result Format: JSON
Request ID: 80000011-0001-fc00-b63f-84710c7967bb
Method: GET
URL: http://localhost:50830/api/user
Controller : ProjectManager.Controllers.UserController
Action : GetUser
Action Parameters : System.Web.Http.Tracing.ITraceWriterExtensions+<>c__DisplayClass14_0

